2025-03-11 18:25:37,112 - ERROR - Directory not found: /Summer_2025_Co-op
2025-03-11 18:26:17,938 - ERROR - Directory not found: /Summer_2025_Co-op
2025-03-11 18:26:28,174 - INFO - Found 452 PDF files in Summer_2025_Co-op
2025-03-13 15:07:18,130 - INFO - Found 453 PDF files in Summer_2025_Co-op
2025-03-13 16:45:00,531 - INFO - Found 453 PDF files in Summer_2025_Co-op
2025-03-16 02:33:32,497 - INFO - Found 454 PDF files in Summer_2025_Co-op
2025-03-16 02:51:12,969 - INFO - Found 454 PDF files in Summer_2025_Co-op
2025-03-18 04:11:57,660 - INFO - Found 465 PDF files in Summer_2025_Co-op
2025-04-03 12:42:33,871 - INFO - Found 502 PDF files in Summer_2025_Co-op
2025-05-04 08:38:38,324 - INFO - Found 516 PDF files in Summer_2025_Co-op
2025-05-14 10:16:35,801 - INFO - Found 517 PDF files in Summer_2025_Co-op
2025-05-30 19:06:08,641 - INFO - Found 743 PDF files across all directories
2025-07-27 22:23:03,498 - INFO - Found 745 PDF files across all directories
2025-08-27 12:54:57,395 - INFO - Found 1125 PDF files across all directories
2026-02-12 21:47:09,610 - INFO - Found 3023 PDF files across all directories
2026-02-23 02:33:32,639 - INFO - Found 1868 PDF files across all directories
2026-02-23 02:37:29,270 - INFO - Pipeline summary: 1868 PDFs total, 1868 OK, 0 empty text, 5323.6 avg chars, 7.89 PDFs/sec
2026-02-23 02:37:29,271 - INFO - Metrics written to metrics.json
2026-02-23 02:39:23,958 - INFO - Found 3 PDF files across all directories
2026-02-23 02:39:23,959 - WARNING - No classifier found at models/skill_classifier; will use unfiltered KeyBERT candidates
2026-02-23 02:39:28,291 - INFO - Loading KeyBERT with model all-MiniLM-L6-v2
2026-02-23 02:39:28,319 - INFO - Use pytorch device_name: mps
2026-02-23 02:39:28,319 - INFO - Load pretrained SentenceTransformer: all-MiniLM-L6-v2
2026-02-23 02:39:31,508 - WARNING - spaCy model 'en_core_web_sm' not found; falling back to n-gram candidates. Install with: python -m spacy download en_core_web_sm
2026-02-23 02:39:41,120 - INFO - Pipeline summary: 3 PDFs total, 3 OK, 0 empty text, 5257.7 avg chars, 0.17 PDFs/sec
2026-02-23 02:39:41,121 - INFO - Metrics written to test_metrics.json
2026-02-23 02:43:32,286 - INFO - Found 3101 PDF files across all directories
2026-02-23 02:43:32,286 - WARNING - No classifier found at models/skill_classifier; will use unfiltered KeyBERT candidates
2026-02-23 02:43:37,103 - INFO - Loading KeyBERT with model all-MiniLM-L6-v2
2026-02-23 02:43:37,132 - INFO - Use pytorch device_name: mps
2026-02-23 02:43:37,132 - INFO - Load pretrained SentenceTransformer: all-MiniLM-L6-v2
2026-02-23 02:43:40,069 - WARNING - spaCy model 'en_core_web_sm' not found; falling back to n-gram candidates. Install with: python -m spacy download en_core_web_sm
2026-02-23 04:19:22,418 - INFO - Pipeline summary: 3101 PDFs total, 3101 OK, 0 empty text, 5236.2 avg chars, 0.54 PDFs/sec
2026-02-23 04:19:22,451 - INFO - Metrics written to metrics.json
2026-02-23 11:11:17,070 - INFO - Found 50 PDF files across all directories
2026-02-23 11:11:17,071 - WARNING - No classifier found at models/skill_classifier; using anchor-phrase fallback scorer
2026-02-23 11:11:17,148 - INFO - Boilerplate removal: 0/50 lines removed (0.0%), threshold=2 docs
2026-02-23 11:11:21,739 - INFO - Loading KeyBERT with model all-MiniLM-L6-v2
2026-02-23 11:11:21,843 - INFO - Use pytorch device_name: mps
2026-02-23 11:11:21,845 - INFO - Load pretrained SentenceTransformer: all-MiniLM-L6-v2
2026-02-23 11:11:24,835 - WARNING - spaCy model 'en_core_web_sm' not found; falling back to n-gram candidates. Install with: python -m spacy download en_core_web_sm
2026-02-23 11:11:28,655 - INFO - AnchorPhraseScorer: loading all-MiniLM-L6-v2
2026-02-23 11:11:28,656 - INFO - Use pytorch device_name: mps
2026-02-23 11:11:28,656 - INFO - Load pretrained SentenceTransformer: all-MiniLM-L6-v2
2026-02-23 11:12:47,155 - INFO - Pipeline summary: 50 PDFs total, 50 OK, 0 empty text, 5246.7 avg chars, 0.56 PDFs/sec, 0 boilerplate lines removed (0.0%)
2026-02-23 11:12:47,156 - INFO - Metrics written to metrics.json
2026-02-23 11:54:52,128 - INFO - Found 50 PDF files across all directories
2026-02-23 11:54:52,129 - WARNING - No classifier found at models/skill_classifier; using anchor-phrase fallback scorer
2026-02-23 11:54:56,499 - INFO - Boilerplate removal: 3456/5963 lines removed (58.0%), threshold=2 docs
2026-02-23 11:54:59,959 - INFO - Loading KeyBERT with model all-MiniLM-L6-v2
2026-02-23 11:54:59,988 - INFO - Use pytorch device_name: mps
2026-02-23 11:54:59,988 - INFO - Load pretrained SentenceTransformer: all-MiniLM-L6-v2
2026-02-23 11:55:03,092 - WARNING - spaCy model 'en_core_web_sm' not found; falling back to n-gram candidates. Install with: python -m spacy download en_core_web_sm
2026-02-23 11:55:06,542 - INFO - AnchorPhraseScorer: loading all-MiniLM-L6-v2
2026-02-23 11:55:06,544 - INFO - Use pytorch device_name: mps
2026-02-23 11:55:06,544 - INFO - Load pretrained SentenceTransformer: all-MiniLM-L6-v2
2026-02-23 11:55:08,760 - INFO - [DEBUG doc 0] S25 Co-op Student - Technology Specialist (Quality Assurance Automation)165224-165224.pdf | chars=4285 lines=58 | keybert=8 tfidf=0 tech=57 union=65 | threshold=0.65 relaxed=True | final_skills=2
2026-02-23 11:55:10,742 - INFO - [DEBUG doc 1] S25 QA Analyst Co-op Student 168349-168349.pdf | chars=4089 lines=50 | keybert=18 tfidf=0 tech=45 union=59 | threshold=0.35 relaxed=True | final_skills=3
2026-02-23 11:55:12,257 - INFO - [DEBUG doc 2] S25 Jr. Software Development Engineer 167856-167856.pdf | chars=3483 lines=39 | keybert=11 tfidf=0 tech=47 union=58 | threshold=0.65 relaxed=True | final_skills=2
2026-02-23 11:56:24,005 - INFO - Pipeline summary: 50 PDFs total, 50 OK, 0 empty text, 4094.0 avg chars, 0.54 PDFs/sec, 3456 boilerplate lines removed (58.0%)
2026-02-23 11:56:24,008 - INFO - Metrics written to metrics.json
2026-02-23 12:00:45,493 - INFO - Found 50 PDF files across all directories
2026-02-23 12:00:45,494 - WARNING - No classifier found at models/skill_classifier; using anchor-phrase fallback scorer
2026-02-23 12:00:49,719 - INFO - Boilerplate removal: 3456/5963 lines removed (58.0%), threshold=2 docs
2026-02-23 12:00:54,060 - INFO - Loading KeyBERT with model all-MiniLM-L6-v2
2026-02-23 12:00:54,089 - INFO - Use pytorch device_name: mps
2026-02-23 12:00:54,089 - INFO - Load pretrained SentenceTransformer: all-MiniLM-L6-v2
2026-02-23 12:00:57,253 - WARNING - spaCy model 'en_core_web_sm' not found; falling back to n-gram candidates. Install with: python -m spacy download en_core_web_sm
2026-02-23 12:01:00,455 - INFO - AnchorPhraseScorer: loading all-MiniLM-L6-v2
2026-02-23 12:01:00,456 - INFO - Use pytorch device_name: mps
2026-02-23 12:01:00,456 - INFO - Load pretrained SentenceTransformer: all-MiniLM-L6-v2
2026-02-23 12:01:02,556 - INFO - [DEBUG doc 0] S25 Co-op Student - Technology Specialist (Quality Assurance Automation)165224-165224.pdf | chars=4285 lines=58 | keybert=7 tfidf=0 tech=48 union=55 | threshold=0.35 relaxed=True | final_skills=8
2026-02-23 12:01:04,160 - INFO - [DEBUG doc 1] S25 QA Analyst Co-op Student 168349-168349.pdf | chars=4089 lines=50 | keybert=15 tfidf=0 tech=35 union=49 | threshold=0.30 relaxed=True | final_skills=5
2026-02-23 12:01:05,576 - INFO - [DEBUG doc 2] S25 Jr. Software Development Engineer 167856-167856.pdf | chars=3483 lines=39 | keybert=10 tfidf=0 tech=37 union=47 | threshold=0.45 relaxed=True | final_skills=5
2026-02-23 12:02:18,455 - INFO - Pipeline summary: 50 PDFs total, 50 OK, 0 empty text, 4094.0 avg chars, 0.54 PDFs/sec, 3456 boilerplate lines removed (58.0%)
2026-02-23 12:02:18,466 - INFO - Metrics written to metrics.json
2026-02-23 12:04:00,836 - INFO - Found 50 PDF files across all directories
2026-02-23 12:04:00,837 - WARNING - No classifier found at models/skill_classifier; using anchor-phrase fallback scorer
2026-02-23 12:04:05,458 - INFO - Boilerplate removal: 3456/5963 lines removed (58.0%), threshold=2 docs
2026-02-23 12:04:10,041 - INFO - Loading KeyBERT with model all-MiniLM-L6-v2
2026-02-23 12:04:10,118 - INFO - Use pytorch device_name: mps
2026-02-23 12:04:10,119 - INFO - Load pretrained SentenceTransformer: all-MiniLM-L6-v2
2026-02-23 12:04:13,507 - WARNING - spaCy model 'en_core_web_sm' not found; falling back to n-gram candidates. Install with: python -m spacy download en_core_web_sm
2026-02-23 12:04:17,013 - INFO - AnchorPhraseScorer: loading all-MiniLM-L6-v2
2026-02-23 12:04:17,014 - INFO - Use pytorch device_name: mps
2026-02-23 12:04:17,014 - INFO - Load pretrained SentenceTransformer: all-MiniLM-L6-v2
2026-02-23 12:04:19,302 - INFO - [DEBUG doc 0] S25 Co-op Student - Technology Specialist (Quality Assurance Automation)165224-165224.pdf | chars=4285 lines=58 | keybert=2 tfidf=30 tech=48 union=67 | threshold=0.35 relaxed=True | final_skills=8
2026-02-23 12:04:21,043 - INFO - [DEBUG doc 1] S25 QA Analyst Co-op Student 168349-168349.pdf | chars=4089 lines=50 | keybert=8 tfidf=0 tech=35 union=42 | threshold=0.30 relaxed=True | final_skills=5
2026-02-23 12:04:22,538 - INFO - [DEBUG doc 2] S25 Jr. Software Development Engineer 167856-167856.pdf | chars=3483 lines=39 | keybert=4 tfidf=30 tech=37 union=66 | threshold=0.45 relaxed=True | final_skills=5
2026-02-23 12:05:37,234 - INFO - Pipeline summary: 50 PDFs total, 50 OK, 0 empty text, 4094.0 avg chars, 0.52 PDFs/sec, 3456 boilerplate lines removed (58.0%)
2026-02-23 12:05:37,239 - INFO - Metrics written to metrics.json
2026-02-23 13:01:37,807 - INFO - Found 50 PDF files across all directories
2026-02-23 13:01:37,809 - WARNING - No classifier found at models/skill_classifier; using anchor-phrase fallback scorer
2026-02-23 13:01:37,946 - INFO - Boilerplate removal: 3456/5963 lines removed (58.0%), threshold=2 docs
2026-02-23 13:01:42,845 - INFO - Loading KeyBERT with model all-MiniLM-L6-v2
2026-02-23 13:01:42,987 - INFO - Use pytorch device_name: mps
2026-02-23 13:01:42,987 - INFO - Load pretrained SentenceTransformer: all-MiniLM-L6-v2
2026-02-23 13:01:46,310 - WARNING - spaCy model 'en_core_web_sm' not found; falling back to n-gram candidates. Install with: python -m spacy download en_core_web_sm
2026-02-23 13:01:50,003 - INFO - AnchorPhraseScorer: loading all-MiniLM-L6-v2
2026-02-23 13:01:50,005 - INFO - Use pytorch device_name: mps
2026-02-23 13:01:50,005 - INFO - Load pretrained SentenceTransformer: all-MiniLM-L6-v2
2026-02-23 13:03:01,611 - INFO - Pipeline summary: 50 PDFs total, 50 OK, 0 empty text, 4094.0 avg chars, 0.60 PDFs/sec, 3456 boilerplate lines removed (58.0%)
2026-02-23 13:03:01,613 - INFO - Metrics written to metrics.json
